# JRE version: OpenJDK Runtime Environment Corretto-11.0.10.9.1 (11.0.10+9) (build 11.0.10+9-LTS)
# Java VM: OpenJDK 64-Bit Server VM Corretto-11.0.10.9.1 (11.0.10+9-LTS, mixed mode, tiered, compressed oops, g1 gc, windows-amd64)
Heap:
 garbage-first heap   total 183296K, used 134220K [0x0000000084a00000, 0x0000000100000000)
  region size 1024K, 110 young (112640K), 13 survivors (13312K)
 Metaspace       used 69608K, capacity 71814K, committed 71944K, reserved 1112064K
  class space    used 8974K, capacity 9879K, committed 9984K, reserved 1048576K
GC Heap History (20 events):
Event: 3.398 GC heap after
{Heap after GC invocations=4 (full 0):
 garbage-first heap   total 126976K, used 9179K [0x0000000084a00000, 0x0000000100000000)
  region size 1024K, 2 young (2048K), 2 survivors (2048K)
 Metaspace       used 15189K, capacity 15659K, committed 15872K, reserved 1062912K
  class space    used 1609K, capacity 1781K, committed 1792K, reserved 1048576K
}
Event: 4.407 GC heap before
{Heap before GC invocations=4 (full 0):
 garbage-first heap   total 126976K, used 34779K [0x0000000084a00000, 0x0000000100000000)
  region size 1024K, 29 young (29696K), 2 survivors (2048K)
 Metaspace       used 20459K, capacity 21187K, committed 21296K, reserved 1069056K
  class space    used 2384K, capacity 2671K, committed 2688K, reserved 1048576K
}
Event: 4.415 GC heap after
{Heap after GC invocations=5 (full 0):
 garbage-first heap   total 126976K, used 10886K [0x0000000084a00000, 0x0000000100000000)
  region size 1024K, 4 young (4096K), 4 survivors (4096K)
 Metaspace       used 20459K, capacity 21187K, committed 21296K, reserved 1069056K
  class space    used 2384K, capacity 2671K, committed 2688K, reserved 1048576K
}
Event: 5.601 GC heap before
{Heap before GC invocations=6 (full 0):
 garbage-first heap   total 126976K, used 65158K [0x0000000084a00000, 0x0000000100000000)
  region size 1024K, 58 young (59392K), 4 survivors (4096K)
 Metaspace       used 26855K, capacity 27789K, committed 28080K, reserved 1073152K
  class space    used 3156K, capacity 3532K, committed 3584K, reserved 1048576K
}
Event: 5.613 GC heap after
{Heap after GC invocations=7 (full 0):
 garbage-first heap   total 126976K, used 14361K [0x0000000084a00000, 0x0000000100000000)
  region size 1024K, 7 young (7168K), 7 survivors (7168K)
 Metaspace       used 26855K, capacity 27789K, committed 28080K, reserved 1073152K
  class space    used 3156K, capacity 3532K, committed 3584K, reserved 1048576K
}
Event: 6.213 GC heap before
{Heap before GC invocations=7 (full 0):
 garbage-first heap   total 126976K, used 81945K [0x0000000084a00000, 0x0000000100000000)
  region size 1024K, 74 young (75776K), 7 survivors (7168K)
 Metaspace       used 28601K, capacity 29632K, committed 29872K, reserved 1075200K
  class space    used 3387K, capacity 3803K, committed 3840K, reserved 1048576K
}
Event: 6.227 GC heap after
{Heap after GC invocations=8 (full 0):
 garbage-first heap   total 152576K, used 15836K [0x0000000084a00000, 0x0000000100000000)
  region size 1024K, 5 young (5120K), 5 survivors (5120K)
 Metaspace       used 28601K, capacity 29632K, committed 29872K, reserved 1075200K
  class space    used 3387K, capacity 3803K, committed 3840K, reserved 1048576K
}
Event: 7.602 GC heap before
{Heap before GC invocations=8 (full 0):
 garbage-first heap   total 152576K, used 85468K [0x0000000084a00000, 0x0000000100000000)
  region size 1024K, 74 young (75776K), 5 survivors (5120K)
 Metaspace       used 34503K, capacity 35834K, committed 35920K, reserved 1081344K
  class space    used 4279K, capacity 4853K, committed 4864K, reserved 1048576K
}
Event: 7.617 GC heap after
{Heap after GC invocations=9 (full 0):
 garbage-first heap   total 152576K, used 18871K [0x0000000084a00000, 0x0000000100000000)
  region size 1024K, 8 young (8192K), 8 survivors (8192K)
 Metaspace       used 34503K, capacity 35834K, committed 35920K, reserved 1081344K
  class space    used 4279K, capacity 4853K, committed 4864K, reserved 1048576K
}
Event: 7.859 GC heap before
{Heap before GC invocations=10 (full 0):
 garbage-first heap   total 152576K, used 98743K [0x0000000084a00000, 0x0000000100000000)
  region size 1024K, 87 young (89088K), 8 survivors (8192K)
 Metaspace       used 36124K, capacity 37470K, committed 37712K, reserved 1081344K
  class space    used 4437K, capacity 4993K, committed 5120K, reserved 1048576K
}
Event: 7.872 GC heap after
{Heap after GC invocations=11 (full 0):
 garbage-first heap   total 152576K, used 19825K [0x0000000084a00000, 0x0000000100000000)
  region size 1024K, 6 young (6144K), 6 survivors (6144K)
 Metaspace       used 36124K, capacity 37470K, committed 37712K, reserved 1081344K
  class space    used 4437K, capacity 4993K, committed 5120K, reserved 1048576K
}
Event: 10.184 GC heap before
{Heap before GC invocations=11 (full 0):
 garbage-first heap   total 152576K, used 103793K [0x0000000084a00000, 0x0000000100000000)
  region size 1024K, 89 young (91136K), 6 survivors (6144K)
 Metaspace       used 45790K, capacity 47299K, committed 47440K, reserved 1091584K
  class space    used 5765K, capacity 6346K, committed 6400K, reserved 1048576K
}
Event: 10.198 GC heap after
{Heap after GC invocations=12 (full 0):
 garbage-first heap   total 152576K, used 22470K [0x0000000084a00000, 0x0000000100000000)
  region size 1024K, 9 young (9216K), 9 survivors (9216K)
 Metaspace       used 45790K, capacity 47299K, committed 47440K, reserved 1091584K
  class space    used 5765K, capacity 6346K, committed 6400K, reserved 1048576K
}
Event: 12.295 GC heap before
{Heap before GC invocations=12 (full 0):
 garbage-first heap   total 152576K, used 104390K [0x0000000084a00000, 0x0000000100000000)
  region size 1024K, 89 young (91136K), 9 survivors (9216K)
 Metaspace       used 54940K, capacity 56494K, committed 56656K, reserved 1097728K
  class space    used 7063K, capacity 7677K, committed 7680K, reserved 1048576K
}
Event: 12.315 GC heap after
{Heap after GC invocations=13 (full 0):
 garbage-first heap   total 183296K, used 25224K [0x0000000084a00000, 0x0000000100000000)
  region size 1024K, 7 young (7168K), 7 survivors (7168K)
 Metaspace       used 54940K, capacity 56494K, committed 56656K, reserved 1097728K
  class space    used 7063K, capacity 7677K, committed 7680K, reserved 1048576K
}
Event: 13.072 GC heap before
{Heap before GC invocations=13 (full 0):
 garbage-first heap   total 183296K, used 68232K [0x0000000084a00000, 0x0000000100000000)
  region size 1024K, 50 young (51200K), 7 survivors (7168K)
 Metaspace       used 58288K, capacity 60111K, committed 60296K, reserved 1101824K
  class space    used 7504K, capacity 8236K, committed 8320K, reserved 1048576K
}
Event: 13.088 GC heap after
{Heap after GC invocations=14 (full 0):
 garbage-first heap   total 183296K, used 27171K [0x0000000084a00000, 0x0000000100000000)
  region size 1024K, 9 young (9216K), 9 survivors (9216K)
 Metaspace       used 58288K, capacity 60111K, committed 60296K, reserved 1101824K
  class space    used 7504K, capacity 8236K, committed 8320K, reserved 1048576K
}
Event: 121.547 GC heap before
{Heap before GC invocations=15 (full 0):
 garbage-first heap   total 183296K, used 126499K [0x0000000084a00000, 0x0000000100000000)
  region size 1024K, 107 young (109568K), 9 survivors (9216K)
 Metaspace       used 64741K, capacity 66714K, committed 66824K, reserved 1107968K
  class space    used 8383K, capacity 9147K, committed 9216K, reserved 1048576K
}
Event: 121.569 GC heap after
{Heap after GC invocations=16 (full 0):
 garbage-first heap   total 183296K, used 31820K [0x0000000084a00000, 0x0000000100000000)
  region size 1024K, 10 young (10240K), 10 survivors (10240K)
 Metaspace       used 64741K, capacity 66714K, committed 66824K, reserved 1107968K
  class space    used 8383K, capacity 9147K, committed 9216K, reserved 1048576K
}
Event: 258.248 GC heap before
{Heap before GC invocations=16 (full 0):
 garbage-first heap   total 183296K, used 133196K [0x0000000084a00000, 0x0000000100000000)
  region size 1024K, 107 young (109568K), 10 survivors (10240K)
 Metaspace       used 69608K, capacity 71814K, committed 71944K, reserved 1112064K
  class space    used 8974K, capacity 9879K, committed 9984K, reserved 1048576K
}

